Line 28: Class TabDlg.SSTab of control sstMain was not a loaded control class.
Line 262: Class MSMask.MaskEdBox of control mskChange was not a loaded control class.
Line 308: Class Crystal.CrystalReport of control rptCympr01 was not a loaded control class.
Line 322: Class MSMask.MaskEdBox of control mskAmountToPay was not a loaded control class.
Line 343: Class MSMask.MaskEdBox of control mskCashAmount was not a loaded control class.
Line 363: Class MSMask.MaskEdBox of control mskCheckAmount was not a loaded control class.
Line 384: Class MSMask.MaskEdBox of control mskADRAmount was not a loaded control class.
Line 405: Class MSMask.MaskEdBox of control mskCheckAmount was not a loaded control class.
Line 426: Class MSMask.MaskEdBox of control mskCheckAmount was not a loaded control class.
Line 447: Class MSMask.MaskEdBox of control mskCheckAmount was not a loaded control class.
Line 468: Class MSMask.MaskEdBox of control mskCheckAmount was not a loaded control class.
Line 489: Class MSMask.MaskEdBox of control mskADRBalance was not a loaded control class.
Line 510: Class MSMask.MaskEdBox of control mskCheckNo was not a loaded control class.
Line 532: Class MSMask.MaskEdBox of control mskCheckNo was not a loaded control class.
Line 554: Class MSMask.MaskEdBox of control mskCheckNo was not a loaded control class.
Line 576: Class MSMask.MaskEdBox of control mskCheckNo was not a loaded control class.
Line 598: Class MSMask.MaskEdBox of control mskCheckNo was not a loaded control class.
Line 762: Class MSMask.MaskEdBox of control mskDaysFree was not a loaded control class.
Line 782: Class MSMask.MaskEdBox of control mskDiscount was not a loaded control class.
Line 804: Class MSMask.MaskEdBox of control mskNonWorkingDays was not a loaded control class.
Line 834: Class MSMask.MaskEdBox of control mskStripDate was not a loaded control class.
Line 856: Class MSMask.MaskEdBox of control mskBOCGatepassDate was not a loaded control class.
Line 956: Class MSMask.MaskEdBox of control mskOVLength was not a loaded control class.
Line 985: Class MSMask.MaskEdBox of control mskOVWidth was not a loaded control class.
Line 1006: Class MSMask.MaskEdBox of control mskOVHeight was not a loaded control class.
Line 1027: Class MSMask.MaskEdBox of control mskRevenueTon was not a loaded control class.
Line 1152: Class MSMask.MaskEdBox of control mskLastDischargeDate was not a loaded control class.
Line 1174: Class MSMask.MaskEdBox of control mskTrainMountDate was not a loaded control class.
Line 1257: Class MSMask.MaskEdBox of control mskPlugIN was not a loaded control class.
Line 1280: Class MSMask.MaskEdBox of control mskPlugOUT was not a loaded control class.
Line 1402: Class MSMask.MaskEdBox of control mskRunning was not a loaded control class.
Line 1433: Class MSMask.MaskEdBox of control mskTotalAMT was not a loaded control class.
Line 1453: Class MSMask.MaskEdBox of control mskTotalVAT was not a loaded control class.
Line 1473: Class MSMask.MaskEdBox of control mskTotalWTAX was not a loaded control class.
Line 1493: Class MSMask.MaskEdBox of control mskContainerTotal was not a loaded control class.
Line 1513: Class MSMask.MaskEdBox of control mskPayOnly was not a loaded control class.
Line 1598: Class MSMask.MaskEdBox of control mskPayableDays was not a loaded control class.
Line 1618: Class MSMask.MaskEdBox of control mskDaysInYard was not a loaded control class.
Line 1638: Class MSComCtl2.DTPicker of control dtStartStorage was not a loaded control class.
Line 1661: Class MSComCtl2.DTPicker of control dtStorageFree was not a loaded control class.
Line 1683: Class MSComCtl2.DTPicker of control dtEndStorage was not a loaded control class.
Line 1976: Class MSMask.MaskEdBox of control mskEntryNo was not a loaded control class.
Line 2350: Class MSMask.MaskEdBox of control mskEntNum was not a loaded control class.
Line 2371: Class MSMask.MaskEdBox of control mskEntYear was not a loaded control class.
Line 2393: Class MSFlexGridLib.MSFlexGrid of control grdBLList was not a loaded control class.
Line 2417: Class MSFlexGridLib.MSFlexGrid of control grdSplit was not a loaded control class.
Line 2442: Class MSFlexGridLib.MSFlexGrid of control grdContList was not a loaded control class.
Line 2466: Class MSMask.MaskEdBox of control mskGatePassNo was not a loaded control class.
Line 2488: Class MSFlexGridLib.MSFlexGrid of control msfCharges was not a loaded control class.
Line 2512: Class MSMask.MaskEdBox of control mskCRODate was not a loaded control class.
Line 2534: Class MSMask.MaskEdBox of control mskAdvGPDate was not a loaded control class.
Line 2556: Class MSMask.MaskEdBox of control mskReeferHours was not a loaded control class.
