Line 276: Class MSFlexGridLib.MSFlexGrid of control flexTshipMnt was not a loaded control class.
Line 300: Class MSFlexGridLib.MSFlexGrid of control flexDangerClass was not a loaded control class.
Line 1791: Class MSFlexGridLib.MSFlexGrid of control flexDetails was not a loaded control class.
Line 282: The property name _ExtentX in flexTshipMnt is invalid.
Line 283: The property name _ExtentY in flexTshipMnt is invalid.
Line 284: The property name _Version in flexTshipMnt is invalid.
Line 285: The property name Rows in flexTshipMnt is invalid.
Line 286: The property name Cols in flexTshipMnt is invalid.
Line 287: The property name FixedCols in flexTshipMnt is invalid.
Line 288: The property name HighLight in flexTshipMnt is invalid.
Line 289: The property name FormatString in flexTshipMnt is invalid.
Line 306: The property name _ExtentX in flexDangerClass is invalid.
Line 307: The property name _ExtentY in flexDangerClass is invalid.
Line 308: The property name _Version in flexDangerClass is invalid.
Line 309: The property name Rows in flexDangerClass is invalid.
Line 310: The property name Cols in flexDangerClass is invalid.
Line 311: The property name FixedCols in flexDangerClass is invalid.
Line 312: The property name HighLight in flexDangerClass is invalid.
Line 313: The property name FormatString in flexDangerClass is invalid.
Line 1798: The property name _ExtentX in flexDetails is invalid.
Line 1799: The property name _ExtentY in flexDetails is invalid.
Line 1800: The property name _Version in flexDetails is invalid.
Line 1801: The property name Cols in flexDetails is invalid.
Line 1802: The property name FixedCols in flexDetails is invalid.
Line 1804: The property name BackColorFixed in flexDetails is invalid.
Line 1805: The property name ForeColorFixed in flexDetails is invalid.
Line 1806: The property name BackColorSel in flexDetails is invalid.
Line 1807: The property name BackColorBkg in flexDetails is invalid.
Line 1809: The property name FocusRect in flexDetails is invalid.
Line 1810: The property name HighLight in flexDetails is invalid.
Line 1811: The property name SelectionMode in flexDetails is invalid.
